<?xml version="1.0" encoding="UTF-8"?>
<!-- Generated by org.testng.reporters.JUnitReportReporter -->
<testsuite skipped="0" hostname="DESKTOP-M362J98" name="org.mobileexecution.MobileExecution" tests="1" failures="0" timestamp="02 Feb 2022 18:04:44 GMT" time="26.734" errors="0">
  <testcase name="mobilePage" time="26.734" classname="org.mobileexecution.MobileExecution"/>
</testsuite> <!-- org.mobileexecution.MobileExecution -->
